<?xml version="1.0" encoding="UTF-8"?>
<!-- Generated by org.testng.reporters.JUnitReportReporter -->
<testsuite skipped="0" hostname="BDC8-DX-6PF8H92" name="first_project.class1" tests="1" failures="0" timestamp="17 Jul 2018 06:54:25 GMT" time="15.592" errors="0">
  <testcase name="open_driver" time="15.592" classname="first_project.class1"/>
</testsuite> <!-- first_project.class1 -->
